<?xml version="1.0" encoding="UTF-8"?>
<!-- Generated by org.testng.reporters.JUnitXMLReporter -->
<testsuite ignored="0" hostname="DESKTOP-0T5V2PT" failures="0" tests="3" name="Default test" time="0.043" errors="0" timestamp="2023-10-16T19:28:31 MESZ">
  <testcase classname="com.udemy.selenium.core_java.ChildClass" name="test001" time="0.007"/>
  <testcase classname="com.udemy.selenium.core_java.ChildClass" name="test002" time="0.001"/>
  <testcase classname="com.udemy.selenium.core_java.ChildClass" name="test003" time="0.001"/>
</testsuite> <!-- Default test -->
