<?xml version="1.0" encoding="UTF-8"?>
<!-- Generated by org.testng.reporters.JUnitXMLReporter -->
<testsuite ignored="0" hostname="DESKTOP-0T5V2PT" failures="0" tests="3" name="Test" time="0.035" errors="0" timestamp="2023-10-14T15:39:51 MESZ">
  <testcase classname="com.udemy.selenium.testngtutorial.Lesson001" name="demo" time="0.005"/>
  <testcase classname="com.udemy.selenium.testngtutorial.Lesson001" name="demo2" time="0.0"/>
  <testcase classname="com.udemy.selenium.testngtutorial.Lesson0011" name="demo3" time="0.001"/>
</testsuite> <!-- Test -->
