<?xml version="1.0" encoding="UTF-8"?>
<!-- Generated by org.testng.reporters.JUnitXMLReporter -->
<testsuite ignored="1" hostname="DESKTOP-0T5V2PT" failures="0" tests="3" name="Car Loan" time="0.005" errors="0" timestamp="2023-10-14T20:21:01 MESZ">
  <testcase classname="com.udemy.selenium.testngtutorial.Lesson0012" name="mobileLoginCarLoan" time="0.001"/>
  <testcase classname="com.udemy.selenium.testngtutorial.Lesson0012" name="mobileSignInCarLoan" time="0.0"/>
  <testcase classname="com.udemy.selenium.testngtutorial.Lesson0012" name="webLoginCarLoan" time="0.0"/>
  <testcase classname="com.udemy.selenium.testngtutorial.Lesson0012" name="APILoginCarLoan" time="0.0">
    <ignored/>
  </testcase> <!-- APILoginCarLoan -->
</testsuite> <!-- Car Loan -->
