<?xml version="1.0" encoding="UTF-8"?>
<!-- Generated by org.testng.reporters.JUnitXMLReporter -->
<testsuite ignored="1" hostname="DESKTOP-0T5V2PT" failures="0" tests="5" name="Personal Loan" time="0.036" errors="0" timestamp="2023-10-14T20:21:01 MESZ">
  <testcase classname="com.udemy.selenium.testngtutorial.Lesson001" name="demo" time="0.003"/>
  <testcase classname="com.udemy.selenium.testngtutorial.Lesson001" name="demo2" time="0.0"/>
  <testcase classname="com.udemy.selenium.testngtutorial.Lesson0011" name="demo3" time="0.001"/>
  <testcase classname="com.udemy.selenium.testngtutorial.Lesson0013" name="APILoginHomeLoan" time="0.001"/>
  <testcase classname="com.udemy.selenium.testngtutorial.Lesson0013" name="webLoginHomeLoan" time="0.001"/>
  <testcase classname="com.udemy.selenium.testngtutorial.Lesson0013" name="mobileLoginHomeLoan" time="0.0">
    <ignored/>
  </testcase> <!-- mobileLoginHomeLoan -->
</testsuite> <!-- Personal Loan -->
