<?xml version="1.0" encoding="UTF-8"?>
<!-- Generated by org.testng.reporters.JUnitXMLReporter -->
<testsuite ignored="7" hostname="DESKTOP-0T5V2PT" failures="0" tests="3" name="Smoke" time="0.04" errors="0" timestamp="2023-10-14T20:37:28 MESZ">
  <testcase classname="com.udemy.selenium.testngtutorial.Lesson0011" name="demo3" time="0.006"/>
  <testcase classname="com.udemy.selenium.testngtutorial.Lesson0013" name="mobileLoginHomeLoan" time="0.001"/>
  <testcase classname="com.udemy.selenium.testngtutorial.Lesson0013" name="webLoginHomeLoan" time="0.0"/>
  <testcase classname="com.udemy.selenium.testngtutorial.Lesson0012" name="webLoginCarLoan" time="0.0">
    <ignored/>
  </testcase> <!-- webLoginCarLoan -->
  <testcase classname="com.udemy.selenium.testngtutorial.Lesson001" name="demo2" time="0.0">
    <ignored/>
  </testcase> <!-- demo2 -->
  <testcase classname="com.udemy.selenium.testngtutorial.Lesson0012" name="mobileLoginCarLoan" time="0.0">
    <ignored/>
  </testcase> <!-- mobileLoginCarLoan -->
  <testcase classname="com.udemy.selenium.testngtutorial.Lesson0013" name="APILoginHomeLoan" time="0.0">
    <ignored/>
  </testcase> <!-- APILoginHomeLoan -->
  <testcase classname="com.udemy.selenium.testngtutorial.Lesson001" name="demo" time="0.0">
    <ignored/>
  </testcase> <!-- demo -->
  <testcase classname="com.udemy.selenium.testngtutorial.Lesson0012" name="mobileSignInCarLoan" time="0.0">
    <ignored/>
  </testcase> <!-- mobileSignInCarLoan -->
  <testcase classname="com.udemy.selenium.testngtutorial.Lesson0012" name="APILoginCarLoan" time="0.0">
    <ignored/>
  </testcase> <!-- APILoginCarLoan -->
</testsuite> <!-- Smoke -->
