<?xml version="1.0" encoding="UTF-8"?>
<!-- Generated by org.testng.reporters.JUnitXMLReporter -->
<testsuite ignored="0" hostname="DESKTOP-0T5V2PT" failures="0" tests="3" name="Navigate to website" time="0.037" errors="0" timestamp="2023-10-15T10:27:52 MESZ">
  <testcase classname="com.udemy.selenium.testngtutorial.Lesson002" name="paramDemo001" time="0.006"/>
  <testcase classname="com.udemy.selenium.testngtutorial.Lesson002" name="paramDemo0011" time="0.001"/>
  <testcase classname="com.udemy.selenium.testngtutorial.Lesson002" name="paramDemo0012" time="0.001"/>
</testsuite> <!-- Navigate to website -->
