<?xml version="1.0" encoding="UTF-8"?>
<!-- Generated by org.testng.reporters.JUnitXMLReporter -->
<testsuite ignored="0" hostname="DESKTOP-0T5V2PT" failures="0" tests="3" name="Search" time="0.038" errors="0" timestamp="2023-10-15T12:42:30 MESZ">
  <testcase classname="com.udemy.selenium.testngtutorial.Lesson0021" name="paramDemo002" time="0.005"/>
  <testcase classname="com.udemy.selenium.testngtutorial.Lesson0021" name="paramDemo0021" time="0.001"/>
  <testcase classname="com.udemy.selenium.testngtutorial.Lesson0021" name="paramDemo0022" time="0.001"/>
</testsuite> <!-- Search -->
