<?xml version="1.0" encoding="UTF-8"?>
<testng-results ignored="0" total="3" passed="3" failed="0" skipped="0">
  <reporter-output>
  </reporter-output>
  <suite started-at="2023-10-16T19:28:31 MESZ" name="Default suite" finished-at="2023-10-16T19:28:31 MESZ" duration-ms="43">
    <groups>
    </groups>
    <test started-at="2023-10-16T19:28:31 MESZ" name="Default test" finished-at="2023-10-16T19:28:31 MESZ" duration-ms="43">
      <class name="com.udemy.selenium.core_java.ChildClass">
        <test-method is-config="true" signature="beforeMethod()[pri:0, instance:com.udemy.selenium.core_java.ChildClass@5677323c]" started-at="2023-10-16T19:28:31 MESZ" name="beforeMethod" finished-at="2023-10-16T19:28:31 MESZ" duration-ms="5" status="PASS">
          <reporter-output>
          </reporter-output>
        </test-method> <!-- beforeMethod -->
        <test-method signature="test001()[pri:0, instance:com.udemy.selenium.core_java.ChildClass@5677323c]" started-at="2023-10-16T19:28:31 MESZ" name="test001" finished-at="2023-10-16T19:28:31 MESZ" duration-ms="7" status="PASS">
          <reporter-output>
          </reporter-output>
        </test-method> <!-- test001 -->
        <test-method is-config="true" signature="afterMethod()[pri:0, instance:com.udemy.selenium.core_java.ChildClass@5677323c]" started-at="2023-10-16T19:28:31 MESZ" name="afterMethod" finished-at="2023-10-16T19:28:31 MESZ" duration-ms="0" status="PASS">
          <reporter-output>
          </reporter-output>
        </test-method> <!-- afterMethod -->
        <test-method signature="test002()[pri:0, instance:com.udemy.selenium.core_java.ChildClass@5677323c]" started-at="2023-10-16T19:28:31 MESZ" name="test002" finished-at="2023-10-16T19:28:31 MESZ" duration-ms="1" status="PASS">
          <reporter-output>
          </reporter-output>
        </test-method> <!-- test002 -->
        <test-method is-config="true" signature="beforeMethod()[pri:0, instance:com.udemy.selenium.core_java.ChildClass@5677323c]" started-at="2023-10-16T19:28:31 MESZ" name="beforeMethod" finished-at="2023-10-16T19:28:31 MESZ" duration-ms="0" status="PASS">
          <reporter-output>
          </reporter-output>
        </test-method> <!-- beforeMethod -->
        <test-method is-config="true" signature="beforeMethod()[pri:0, instance:com.udemy.selenium.core_java.ChildClass@5677323c]" started-at="2023-10-16T19:28:31 MESZ" name="beforeMethod" finished-at="2023-10-16T19:28:31 MESZ" duration-ms="1" status="PASS">
          <reporter-output>
          </reporter-output>
        </test-method> <!-- beforeMethod -->
        <test-method is-config="true" signature="afterMethod()[pri:0, instance:com.udemy.selenium.core_java.ChildClass@5677323c]" started-at="2023-10-16T19:28:31 MESZ" name="afterMethod" finished-at="2023-10-16T19:28:31 MESZ" duration-ms="0" status="PASS">
          <reporter-output>
          </reporter-output>
        </test-method> <!-- afterMethod -->
        <test-method signature="test003()[pri:0, instance:com.udemy.selenium.core_java.ChildClass@5677323c]" started-at="2023-10-16T19:28:31 MESZ" name="test003" finished-at="2023-10-16T19:28:31 MESZ" duration-ms="1" status="PASS">
          <reporter-output>
          </reporter-output>
        </test-method> <!-- test003 -->
        <test-method is-config="true" signature="afterMethod()[pri:0, instance:com.udemy.selenium.core_java.ChildClass@5677323c]" started-at="2023-10-16T19:28:31 MESZ" name="afterMethod" finished-at="2023-10-16T19:28:31 MESZ" duration-ms="0" status="PASS">
          <reporter-output>
          </reporter-output>
        </test-method> <!-- afterMethod -->
      </class> <!-- com.udemy.selenium.core_java.ChildClass -->
    </test> <!-- Default test -->
  </suite> <!-- Default suite -->
</testng-results>
